{
  "uid" : "a70edb2110f324d0",
  "name" : "test_05 Verify Avatar ",
  "fullName" : "SanityTests.grafanaWeb.Test_0_Verify_Avatar",
  "historyId" : "6d740213fa08ab01fca31659fa4d0e18",
  "time" : {
    "start" : 1609950495127,
    "stop" : 1609950495127,
    "duration" : 0
  },
  "description" : "test description :  Verify Grafana Avatar",
  "descriptionHtml" : "<p>test description :  Verify Grafana Avatar</p>\n",
  "status" : "skipped",
  "statusMessage" : "invalid Platfor name stated",
  "statusTrace" : "java.lang.RuntimeException: invalid Platfor name stated\r\n\tat Utilities.commonOps.startSession(commonOps.java:148)\r\n\tat sun.reflect.NativeMethodAccessorImpl.invoke0(Native Method)\r\n\tat sun.reflect.NativeMethodAccessorImpl.invoke(NativeMethodAccessorImpl.java:62)\r\n\tat sun.reflect.DelegatingMethodAccessorImpl.invoke(DelegatingMethodAccessorImpl.java:43)\r\n\tat java.lang.reflect.Method.invoke(Method.java:498)\r\n\tat org.testng.internal.MethodInvocationHelper.invokeMethod(MethodInvocationHelper.java:124)\r\n\tat org.testng.internal.MethodInvocationHelper.invokeMethodConsideringTimeout(MethodInvocationHelper.java:59)\r\n\tat org.testng.internal.Invoker.invokeConfigurationMethod(Invoker.java:458)\r\n\tat org.testng.internal.Invoker.invokeConfigurations(Invoker.java:222)\r\n\tat org.testng.internal.Invoker.invokeConfigurations(Invoker.java:142)\r\n\tat org.testng.internal.TestMethodWorker.invokeBeforeClassMethods(TestMethodWorker.java:168)\r\n\tat org.testng.internal.TestMethodWorker.run(TestMethodWorker.java:105)\r\n\tat org.testng.TestRunner.privateRun(TestRunner.java:648)\r\n\tat org.testng.TestRunner.run(TestRunner.java:505)\r\n\tat org.testng.SuiteRunner.runTest(SuiteRunner.java:455)\r\n\tat org.testng.SuiteRunner.runSequentially(SuiteRunner.java:450)\r\n\tat org.testng.SuiteRunner.privateRun(SuiteRunner.java:415)\r\n\tat org.testng.SuiteRunner.run(SuiteRunner.java:364)\r\n\tat org.testng.SuiteRunnerWorker.runSuite(SuiteRunnerWorker.java:52)\r\n\tat org.testng.SuiteRunnerWorker.run(SuiteRunnerWorker.java:84)\r\n\tat org.testng.TestNG.runSuitesSequentially(TestNG.java:1208)\r\n\tat org.testng.TestNG.runSuitesLocally(TestNG.java:1137)\r\n\tat org.testng.TestNG.runSuites(TestNG.java:1049)\r\n\tat org.testng.TestNG.run(TestNG.java:1017)\r\n\tat com.intellij.rt.testng.IDEARemoteTestNG.run(IDEARemoteTestNG.java:66)\r\n\tat com.intellij.rt.testng.RemoteTestNGStarter.main(RemoteTestNGStarter.java:109)\r\n",
  "flaky" : false,
  "newFailed" : false,
  "beforeStages" : [ {
    "name" : "startSession",
    "time" : {
      "start" : 1609950494155,
      "stop" : 1609950494186,
      "duration" : 31
    },
    "description" : "",
    "status" : "broken",
    "statusMessage" : "invalid Platfor name stated",
    "statusTrace" : "java.lang.RuntimeException: invalid Platfor name stated\r\n\tat Utilities.commonOps.startSession(commonOps.java:148)\r\n\tat sun.reflect.NativeMethodAccessorImpl.invoke0(Native Method)\r\n\tat sun.reflect.NativeMethodAccessorImpl.invoke(NativeMethodAccessorImpl.java:62)\r\n\tat sun.reflect.DelegatingMethodAccessorImpl.invoke(DelegatingMethodAccessorImpl.java:43)\r\n\tat java.lang.reflect.Method.invoke(Method.java:498)\r\n\tat org.testng.internal.MethodInvocationHelper.invokeMethod(MethodInvocationHelper.java:124)\r\n\tat org.testng.internal.MethodInvocationHelper.invokeMethodConsideringTimeout(MethodInvocationHelper.java:59)\r\n\tat org.testng.internal.Invoker.invokeConfigurationMethod(Invoker.java:458)\r\n\tat org.testng.internal.Invoker.invokeConfigurations(Invoker.java:222)\r\n\tat org.testng.internal.Invoker.invokeConfigurations(Invoker.java:142)\r\n\tat org.testng.internal.TestMethodWorker.invokeBeforeClassMethods(TestMethodWorker.java:168)\r\n\tat org.testng.internal.TestMethodWorker.run(TestMethodWorker.java:105)\r\n\tat org.testng.TestRunner.privateRun(TestRunner.java:648)\r\n\tat org.testng.TestRunner.run(TestRunner.java:505)\r\n\tat org.testng.SuiteRunner.runTest(SuiteRunner.java:455)\r\n\tat org.testng.SuiteRunner.runSequentially(SuiteRunner.java:450)\r\n\tat org.testng.SuiteRunner.privateRun(SuiteRunner.java:415)\r\n\tat org.testng.SuiteRunner.run(SuiteRunner.java:364)\r\n\tat org.testng.SuiteRunnerWorker.runSuite(SuiteRunnerWorker.java:52)\r\n\tat org.testng.SuiteRunnerWorker.run(SuiteRunnerWorker.java:84)\r\n\tat org.testng.TestNG.runSuitesSequentially(TestNG.java:1208)\r\n\tat org.testng.TestNG.runSuitesLocally(TestNG.java:1137)\r\n\tat org.testng.TestNG.runSuites(TestNG.java:1049)\r\n\tat org.testng.TestNG.run(TestNG.java:1017)\r\n\tat com.intellij.rt.testng.IDEARemoteTestNG.run(IDEARemoteTestNG.java:66)\r\n\tat com.intellij.rt.testng.RemoteTestNGStarter.main(RemoteTestNGStarter.java:109)\r\n",
    "steps" : [ ],
    "attachments" : [ ],
    "parameters" : [ ],
    "attachmentsCount" : 0,
    "shouldDisplayMessage" : true,
    "hasContent" : true,
    "stepsCount" : 0
  } ],
  "afterStages" : [ ],
  "labels" : [ {
    "name" : "package",
    "value" : "SanityTests.grafanaWeb"
  }, {
    "name" : "testClass",
    "value" : "SanityTests.grafanaWeb"
  }, {
    "name" : "testMethod",
    "value" : "Test_0_Verify_Avatar"
  }, {
    "name" : "parentSuite",
    "value" : "Default Suite"
  }, {
    "name" : "suite",
    "value" : "TestAutomation"
  }, {
    "name" : "subSuite",
    "value" : "SanityTests.grafanaWeb"
  }, {
    "name" : "host",
    "value" : "DESKTOP-JEH45EU"
  }, {
    "name" : "thread",
    "value" : "2612@DESKTOP-JEH45EU.main(1)"
  }, {
    "name" : "framework",
    "value" : "testng"
  }, {
    "name" : "language",
    "value" : "java"
  }, {
    "name" : "resultFormat",
    "value" : "allure2"
  } ],
  "parameters" : [ ],
  "links" : [ ],
  "hidden" : false,
  "retry" : false,
  "extra" : {
    "severity" : "normal",
    "retries" : [ {
      "uid" : "8cd7d6af20befd30",
      "status" : "skipped",
      "statusDetails" : "\nParameter 'PlatformName' is required by BeforeClass on method startSession but has not been marked @Optional or defined\nin C:\\Users\\USER\\AppData\\Local\\JetBrains\\IdeaIE2020.3\\temp-testng-customsuite.xml",
      "time" : {
        "start" : 1609937382363,
        "stop" : 1609937382363,
        "duration" : 0
      }
    } ],
    "categories" : [ ],
    "history" : {
      "statistic" : {
        "failed" : 0,
        "broken" : 0,
        "skipped" : 4,
        "passed" : 2,
        "unknown" : 0,
        "total" : 6
      },
      "items" : [ {
        "uid" : "e5d8497e4cf672f",
        "reportUrl" : "http://localhost:9090/job/Full%20Stack%20Final%20Project%20Desktop/4/allure/#testresult/e5d8497e4cf672f",
        "status" : "skipped",
        "statusDetails" : "invalid Platfor name stated",
        "time" : {
          "start" : 1609950495127,
          "stop" : 1609950495127,
          "duration" : 0
        }
      }, {
        "uid" : "b5b40d2efdc05517",
        "reportUrl" : "http://localhost:9090/job/Full%20Stack%20Final%20Project%20Desktop/3/allure/#testresult/b5b40d2efdc05517",
        "status" : "skipped",
        "statusDetails" : "invalid Platfor name stated",
        "time" : {
          "start" : 1609950495127,
          "stop" : 1609950495127,
          "duration" : 0
        }
      }, {
        "uid" : "cfbad6cfbb8dc3ad",
        "reportUrl" : "http://localhost:9090/job/Full%20Stack%20Final%20Project%20Desktop/2/allure/#testresult/cfbad6cfbb8dc3ad",
        "status" : "skipped",
        "statusDetails" : "invalid Platfor name stated",
        "time" : {
          "start" : 1609950495127,
          "stop" : 1609950495127,
          "duration" : 0
        }
      }, {
        "uid" : "f5287de39e09616b",
        "reportUrl" : "http://localhost:9090/job/Full%20Stack%20Final%20Project%20Desktop/1/allure/#testresult/f5287de39e09616b",
        "status" : "passed",
        "time" : {
          "start" : 1609921182682,
          "stop" : 1609921185164,
          "duration" : 2482
        }
      }, {
        "uid" : "328c99643fae71cc",
        "reportUrl" : "http://localhost:9090/job/Full%20Stack%20Final%20Project%20electron/1/allure/#testresult/328c99643fae71cc",
        "status" : "passed",
        "time" : {
          "start" : 1609921182682,
          "stop" : 1609921185164,
          "duration" : 2482
        }
      } ]
    },
    "tags" : [ ]
  },
  "source" : "a70edb2110f324d0.json",
  "parameterValues" : [ ]
}